
------------------------------------------------------------
Sender: LSF System <lsfadmin@hpc.dtu.dk>
Subject: Job 23541670: <compare_compiler_optim> in cluster <dcc> Exited

Job <compare_compiler_optim> was submitted from host <n-62-27-23> by user <s204231> in cluster <dcc> at Wed Jan  8 00:46:58 2025
Job was executed on host(s) <n-62-21-75>, in queue <hpcintro>, as user <s204231> in cluster <dcc> at Wed Jan  8 00:46:58 2025
</zhome/4b/e/155339> was used as the home directory.
</zhome/4b/e/155339/Desktop/hpc_assignment1/assignment1/code> was used as the working directory.
Started at Wed Jan  8 00:46:58 2025
Terminated at Wed Jan  8 00:55:17 2025
Results reported at Wed Jan  8 00:55:17 2025

Your job looked like:

------------------------------------------------------------
# LSBATCH: User input
#!/bin/bash
#BSUB -J compare_compiler_optim
#BSUB -o outputs/_%J.out
#BSUB -e outputs/_%J.err
#BSUB -q hpcintro
#BSUB -W 8
#BSUB -R "rusage[mem=2048MB]"

mkdir -p outputs
mkdir -p data

sh ./jobs/compile_all.sh

TAGS="_O3 _default _O _O2 _Ofast"
DIMS="16 32 64 128 256 512 1024"
ORDERS="lib mnk mkn nkm nmk kmn knm"
for tag in $TAGS; do
    #empty the file opt_comparison.dat if it exists
    >data/opt_comparison$tag.dat

    #make double for loop to run the executables
    for dim in $DIMS; do
        for order in $ORDERS; do
            # Run the make command
            make run_driver DIMS="$dim $dim $dim" ORDER=$order V=0 TAG=$tag>> data/opt_comparison$tag.dat
        done
    done
done

------------------------------------------------------------

TERM_RUNLIMIT: job killed after reaching LSF run time limit.
Exited with exit code 140.

Resource usage summary:

    CPU time :                                   494.00 sec.
    Max Memory :                                 40 MB
    Average Memory :                             21.43 MB
    Total Requested Memory :                     2048.00 MB
    Delta Memory :                               2008.00 MB
    Max Swap :                                   -
    Max Processes :                              5
    Max Threads :                                6
    Run time :                                   499 sec.
    Turnaround time :                            499 sec.

The output (if any) is above this job summary.



PS:

Read file <outputs/_23541670.err> for stderr output of this job.

